[2023-07-30 12:31:10] local.ERROR: file_put_contents(E:\programming-rendy\siakad\storage\framework/sessions/W9XLBWfFSWcxp7k6zRiAbNpyIMAkFSdlPXIuIB12): Failed to open stream: No such file or directory {"exception":"[object] (ErrorException(code: 0): file_put_contents(E:\\programming-rendy\\siakad\\storage\\framework/sessions/W9XLBWfFSWcxp7k6zRiAbNpyIMAkFSdlPXIuIB12): Failed to open stream: No such file or directory at /home/u756267403/domains/piramidsoft.com/public_html/siakad/vendor/laravel/framework/src/Illuminate/Filesystem/Filesystem.php:133)
[stacktrace]
#0 [internal function]: Illuminate\\Foundation\\Bootstrap\\HandleExceptions->handleError()
#1 /home/u756267403/domains/piramidsoft.com/public_html/siakad/vendor/laravel/framework/src/Illuminate/Filesystem/Filesystem.php(133): file_put_contents()
#2 /home/u756267403/domains/piramidsoft.com/public_html/siakad/vendor/laravel/framework/src/Illuminate/Session/FileSessionHandler.php(83): Illuminate\\Filesystem\\Filesystem->put()
#3 /home/u756267403/domains/piramidsoft.com/public_html/siakad/vendor/laravel/framework/src/Illuminate/Session/Store.php(129): Illuminate\\Session\\FileSessionHandler->write()
#4 /home/u756267403/domains/piramidsoft.com/public_html/siakad/vendor/laravel/framework/src/Illuminate/Session/Middleware/StartSession.php(170): Illuminate\\Session\\Store->save()
#5 /home/u756267403/domains/piramidsoft.com/public_html/siakad/vendor/laravel/framework/src/Illuminate/Session/Middleware/StartSession.php(65): Illuminate\\Session\\Middleware\\StartSession->saveSession()
#6 /home/u756267403/domains/piramidsoft.com/public_html/siakad/vendor/laravel/framework/src/Illuminate/Pipeline/Pipeline.php(171): Illuminate\\Session\\Middleware\\StartSession->handle()
#7 /home/u756267403/domains/piramidsoft.com/public_html/siakad/vendor/laravel/framework/src/Illuminate/Cookie/Middleware/AddQueuedCookiesToResponse.php(37): Illuminate\\Pipeline\\Pipeline->Illuminate\\Pipeline\\{closure}()
#8 /home/u756267403/domains/piramidsoft.com/public_html/siakad/vendor/laravel/framework/src/Illuminate/Pipeline/Pipeline.php(171): Illuminate\\Cookie\\Middleware\\AddQueuedCookiesToResponse->handle()
#9 /home/u756267403/domains/piramidsoft.com/public_html/siakad/vendor/laravel/framework/src/Illuminate/Cookie/Middleware/EncryptCookies.php(67): Illuminate\\Pipeline\\Pipeline->Illuminate\\Pipeline\\{closure}()
#10 /home/u756267403/domains/piramidsoft.com/public_html/siakad/vendor/laravel/framework/src/Illuminate/Pipeline/Pipeline.php(171): Illuminate\\Cookie\\Middleware\\EncryptCookies->handle()
#11 /home/u756267403/domains/piramidsoft.com/public_html/siakad/vendor/laravel/framework/src/Illuminate/Pipeline/Pipeline.php(105): Illuminate\\Pipeline\\Pipeline->Illuminate\\Pipeline\\{closure}()
#12 /home/u756267403/domains/piramidsoft.com/public_html/siakad/vendor/laravel/framework/src/Illuminate/Routing/Router.php(683): Illuminate\\Pipeline\\Pipeline->then()
#13 /home/u756267403/domains/piramidsoft.com/public_html/siakad/vendor/laravel/framework/src/Illuminate/Routing/Router.php(658): Illuminate\\Routing\\Router->runRouteWithinStack()
#14 /home/u756267403/domains/piramidsoft.com/public_html/siakad/vendor/laravel/framework/src/Illuminate/Routing/Router.php(624): Illuminate\\Routing\\Router->runRoute()
#15 /home/u756267403/domains/piramidsoft.com/public_html/siakad/vendor/laravel/framework/src/Illuminate/Routing/Router.php(613): Illuminate\\Routing\\Router->dispatchToRoute()
#16 /home/u756267403/domains/piramidsoft.com/public_html/siakad/vendor/laravel/framework/src/Illuminate/Foundation/Http/Kernel.php(170): Illuminate\\Routing\\Router->dispatch()
#17 /home/u756267403/domains/piramidsoft.com/public_html/siakad/vendor/laravel/framework/src/Illuminate/Pipeline/Pipeline.php(130): Illuminate\\Foundation\\Http\\Kernel->Illuminate\\Foundation\\Http\\{closure}()
#18 /home/u756267403/domains/piramidsoft.com/public_html/siakad/vendor/laravel/framework/src/Illuminate/Foundation/Http/Middleware/TransformsRequest.php(21): Illuminate\\Pipeline\\Pipeline->Illuminate\\Pipeline\\{closure}()
#19 /home/u756267403/domains/piramidsoft.com/public_html/siakad/vendor/laravel/framework/src/Illuminate/Pipeline/Pipeline.php(171): Illuminate\\Foundation\\Http\\Middleware\\TransformsRequest->handle()
#20 /home/u756267403/domains/piramidsoft.com/public_html/siakad/vendor/laravel/framework/src/Illuminate/Foundation/Http/Middleware/TransformsRequest.php(21): Illuminate\\Pipeline\\Pipeline->Illuminate\\Pipeline\\{closure}()
#21 /home/u756267403/domains/piramidsoft.com/public_html/siakad/vendor/laravel/framework/src/Illuminate/Pipeline/Pipeline.php(171): Illuminate\\Foundation\\Http\\Middleware\\TransformsRequest->handle()
#22 /home/u756267403/domains/piramidsoft.com/public_html/siakad/vendor/laravel/framework/src/Illuminate/Foundation/Http/Middleware/ValidatePostSize.php(27): Illuminate\\Pipeline\\Pipeline->Illuminate\\Pipeline\\{closure}()
#23 /home/u756267403/domains/piramidsoft.com/public_html/siakad/vendor/laravel/framework/src/Illuminate/Pipeline/Pipeline.php(171): Illuminate\\Foundation\\Http\\Middleware\\ValidatePostSize->handle()
#24 /home/u756267403/domains/piramidsoft.com/public_html/siakad/vendor/laravel/framework/src/Illuminate/Foundation/Http/Middleware/CheckForMaintenanceMode.php(63): Illuminate\\Pipeline\\Pipeline->Illuminate\\Pipeline\\{closure}()
#25 /home/u756267403/domains/piramidsoft.com/public_html/siakad/vendor/laravel/framework/src/Illuminate/Pipeline/Pipeline.php(171): Illuminate\\Foundation\\Http\\Middleware\\CheckForMaintenanceMode->handle()
#26 /home/u756267403/domains/piramidsoft.com/public_html/siakad/vendor/fideloper/proxy/src/TrustProxies.php(57): Illuminate\\Pipeline\\Pipeline->Illuminate\\Pipeline\\{closure}()
#27 /home/u756267403/domains/piramidsoft.com/public_html/siakad/vendor/laravel/framework/src/Illuminate/Pipeline/Pipeline.php(171): Fideloper\\Proxy\\TrustProxies->handle()
#28 /home/u756267403/domains/piramidsoft.com/public_html/siakad/vendor/laravel/framework/src/Illuminate/Pipeline/Pipeline.php(105): Illuminate\\Pipeline\\Pipeline->Illuminate\\Pipeline\\{closure}()
#29 /home/u756267403/domains/piramidsoft.com/public_html/siakad/vendor/laravel/framework/src/Illuminate/Foundation/Http/Kernel.php(145): Illuminate\\Pipeline\\Pipeline->then()
#30 /home/u756267403/domains/piramidsoft.com/public_html/siakad/vendor/laravel/framework/src/Illuminate/Foundation/Http/Kernel.php(110): Illuminate\\Foundation\\Http\\Kernel->sendRequestThroughRouter()
#31 /home/u756267403/domains/piramidsoft.com/public_html/siakad/public/index.php(55): Illuminate\\Foundation\\Http\\Kernel->handle()
#32 {main}
"} 
[2023-07-30 12:31:51] local.ERROR: file_put_contents(E:\programming-rendy\siakad\storage\framework/sessions/rw2VOiHgMafbztYWUERluQDEdkhX9TFsJQOSuCDP): Failed to open stream: No such file or directory {"exception":"[object] (ErrorException(code: 0): file_put_contents(E:\\programming-rendy\\siakad\\storage\\framework/sessions/rw2VOiHgMafbztYWUERluQDEdkhX9TFsJQOSuCDP): Failed to open stream: No such file or directory at /home/u756267403/domains/piramidsoft.com/public_html/siakad/vendor/laravel/framework/src/Illuminate/Filesystem/Filesystem.php:133)
[stacktrace]
#0 [internal function]: Illuminate\\Foundation\\Bootstrap\\HandleExceptions->handleError()
#1 /home/u756267403/domains/piramidsoft.com/public_html/siakad/vendor/laravel/framework/src/Illuminate/Filesystem/Filesystem.php(133): file_put_contents()
#2 /home/u756267403/domains/piramidsoft.com/public_html/siakad/vendor/laravel/framework/src/Illuminate/Session/FileSessionHandler.php(83): Illuminate\\Filesystem\\Filesystem->put()
#3 /home/u756267403/domains/piramidsoft.com/public_html/siakad/vendor/laravel/framework/src/Illuminate/Session/Store.php(129): Illuminate\\Session\\FileSessionHandler->write()
#4 /home/u756267403/domains/piramidsoft.com/public_html/siakad/vendor/laravel/framework/src/Illuminate/Session/Middleware/StartSession.php(170): Illuminate\\Session\\Store->save()
#5 /home/u756267403/domains/piramidsoft.com/public_html/siakad/vendor/laravel/framework/src/Illuminate/Session/Middleware/StartSession.php(65): Illuminate\\Session\\Middleware\\StartSession->saveSession()
#6 /home/u756267403/domains/piramidsoft.com/public_html/siakad/vendor/laravel/framework/src/Illuminate/Pipeline/Pipeline.php(171): Illuminate\\Session\\Middleware\\StartSession->handle()
#7 /home/u756267403/domains/piramidsoft.com/public_html/siakad/vendor/laravel/framework/src/Illuminate/Cookie/Middleware/AddQueuedCookiesToResponse.php(37): Illuminate\\Pipeline\\Pipeline->Illuminate\\Pipeline\\{closure}()
#8 /home/u756267403/domains/piramidsoft.com/public_html/siakad/vendor/laravel/framework/src/Illuminate/Pipeline/Pipeline.php(171): Illuminate\\Cookie\\Middleware\\AddQueuedCookiesToResponse->handle()
#9 /home/u756267403/domains/piramidsoft.com/public_html/siakad/vendor/laravel/framework/src/Illuminate/Cookie/Middleware/EncryptCookies.php(67): Illuminate\\Pipeline\\Pipeline->Illuminate\\Pipeline\\{closure}()
#10 /home/u756267403/domains/piramidsoft.com/public_html/siakad/vendor/laravel/framework/src/Illuminate/Pipeline/Pipeline.php(171): Illuminate\\Cookie\\Middleware\\EncryptCookies->handle()
#11 /home/u756267403/domains/piramidsoft.com/public_html/siakad/vendor/laravel/framework/src/Illuminate/Pipeline/Pipeline.php(105): Illuminate\\Pipeline\\Pipeline->Illuminate\\Pipeline\\{closure}()
#12 /home/u756267403/domains/piramidsoft.com/public_html/siakad/vendor/laravel/framework/src/Illuminate/Routing/Router.php(683): Illuminate\\Pipeline\\Pipeline->then()
#13 /home/u756267403/domains/piramidsoft.com/public_html/siakad/vendor/laravel/framework/src/Illuminate/Routing/Router.php(658): Illuminate\\Routing\\Router->runRouteWithinStack()
#14 /home/u756267403/domains/piramidsoft.com/public_html/siakad/vendor/laravel/framework/src/Illuminate/Routing/Router.php(624): Illuminate\\Routing\\Router->runRoute()
#15 /home/u756267403/domains/piramidsoft.com/public_html/siakad/vendor/laravel/framework/src/Illuminate/Routing/Router.php(613): Illuminate\\Routing\\Router->dispatchToRoute()
#16 /home/u756267403/domains/piramidsoft.com/public_html/siakad/vendor/laravel/framework/src/Illuminate/Foundation/Http/Kernel.php(170): Illuminate\\Routing\\Router->dispatch()
#17 /home/u756267403/domains/piramidsoft.com/public_html/siakad/vendor/laravel/framework/src/Illuminate/Pipeline/Pipeline.php(130): Illuminate\\Foundation\\Http\\Kernel->Illuminate\\Foundation\\Http\\{closure}()
#18 /home/u756267403/domains/piramidsoft.com/public_html/siakad/vendor/laravel/framework/src/Illuminate/Foundation/Http/Middleware/TransformsRequest.php(21): Illuminate\\Pipeline\\Pipeline->Illuminate\\Pipeline\\{closure}()
#19 /home/u756267403/domains/piramidsoft.com/public_html/siakad/vendor/laravel/framework/src/Illuminate/Pipeline/Pipeline.php(171): Illuminate\\Foundation\\Http\\Middleware\\TransformsRequest->handle()
#20 /home/u756267403/domains/piramidsoft.com/public_html/siakad/vendor/laravel/framework/src/Illuminate/Foundation/Http/Middleware/TransformsRequest.php(21): Illuminate\\Pipeline\\Pipeline->Illuminate\\Pipeline\\{closure}()
#21 /home/u756267403/domains/piramidsoft.com/public_html/siakad/vendor/laravel/framework/src/Illuminate/Pipeline/Pipeline.php(171): Illuminate\\Foundation\\Http\\Middleware\\TransformsRequest->handle()
#22 /home/u756267403/domains/piramidsoft.com/public_html/siakad/vendor/laravel/framework/src/Illuminate/Foundation/Http/Middleware/ValidatePostSize.php(27): Illuminate\\Pipeline\\Pipeline->Illuminate\\Pipeline\\{closure}()
#23 /home/u756267403/domains/piramidsoft.com/public_html/siakad/vendor/laravel/framework/src/Illuminate/Pipeline/Pipeline.php(171): Illuminate\\Foundation\\Http\\Middleware\\ValidatePostSize->handle()
#24 /home/u756267403/domains/piramidsoft.com/public_html/siakad/vendor/laravel/framework/src/Illuminate/Foundation/Http/Middleware/CheckForMaintenanceMode.php(63): Illuminate\\Pipeline\\Pipeline->Illuminate\\Pipeline\\{closure}()
#25 /home/u756267403/domains/piramidsoft.com/public_html/siakad/vendor/laravel/framework/src/Illuminate/Pipeline/Pipeline.php(171): Illuminate\\Foundation\\Http\\Middleware\\CheckForMaintenanceMode->handle()
#26 /home/u756267403/domains/piramidsoft.com/public_html/siakad/vendor/fideloper/proxy/src/TrustProxies.php(57): Illuminate\\Pipeline\\Pipeline->Illuminate\\Pipeline\\{closure}()
#27 /home/u756267403/domains/piramidsoft.com/public_html/siakad/vendor/laravel/framework/src/Illuminate/Pipeline/Pipeline.php(171): Fideloper\\Proxy\\TrustProxies->handle()
#28 /home/u756267403/domains/piramidsoft.com/public_html/siakad/vendor/laravel/framework/src/Illuminate/Pipeline/Pipeline.php(105): Illuminate\\Pipeline\\Pipeline->Illuminate\\Pipeline\\{closure}()
#29 /home/u756267403/domains/piramidsoft.com/public_html/siakad/vendor/laravel/framework/src/Illuminate/Foundation/Http/Kernel.php(145): Illuminate\\Pipeline\\Pipeline->then()
#30 /home/u756267403/domains/piramidsoft.com/public_html/siakad/vendor/laravel/framework/src/Illuminate/Foundation/Http/Kernel.php(110): Illuminate\\Foundation\\Http\\Kernel->sendRequestThroughRouter()
#31 /home/u756267403/domains/piramidsoft.com/public_html/siakad/public/index.php(55): Illuminate\\Foundation\\Http\\Kernel->handle()
#32 {main}
"} 
